2023-06-10 12:22:14 - Entering endpoint /users/getById
2023-06-10 12:22:14 - Returning user with id:2
2023-06-10 12:22:15 - Entering endpoint /users/getUsers
2023-06-10 12:22:15 - Returning all users
2023-06-10 12:22:31 - Entering endpoint /users/addUser
2023-06-10 12:22:31 - Returning user by mail and password
2023-06-10 12:22:35 - Entering endpoint /users/getUsers
2023-06-10 12:22:35 - Returning all users
2023-06-10 12:26:28 - Entering endpoint /users/getUsers
2023-06-10 12:26:28 - Returning all users
2023-06-10 12:26:30 - Entering endpoint /roles/getAllRoles
2023-06-10 12:26:30 - Returning all roles
2023-06-10 12:26:30 - Entering endpoint /users/getById
2023-06-10 12:26:30 - Returning user with id:2
2023-06-10 12:26:34 - Entering endpoint /users/getUsers
2023-06-10 12:26:34 - Returning all users
2023-06-10 12:26:35 - Entering endpoint /users/getById
2023-06-10 12:26:35 - Returning user with id:2
2023-06-10 12:26:38 - Entering endpoint /users/getById
2023-06-10 12:26:38 - Returning user with id:2
2023-06-10 12:27:26 - Entering endpoint /users/getById
2023-06-10 12:27:26 - Returning user with id:2
2023-06-10 12:27:26 - Entering endpoint /users/getById
2023-06-10 12:27:26 - Returning user with id:4
2023-06-10 12:27:26 - Error in /users/getById
2023-06-10 12:27:30 - Entering endpoint /users/getById
2023-06-10 12:27:30 - Returning user with id:4
2023-06-10 12:27:30 - Error in /users/getById
2023-06-10 12:27:30 - Entering endpoint /users/getById
2023-06-10 12:27:30 - Returning user with id:2
2023-06-10 12:27:32 - Entering endpoint /users/getById
2023-06-10 12:27:32 - Returning user with id:2
2023-06-10 12:27:32 - Entering endpoint /users/getById
2023-06-10 12:27:32 - Returning user with id:4
2023-06-10 12:27:32 - Error in /users/getById
2023-06-10 12:27:47 - Entering endpoint /users/getById
2023-06-10 12:27:47 - Returning user with id:2
2023-06-10 12:27:47 - Entering endpoint /users/getById
2023-06-10 12:27:47 - Returning user with id:4
2023-06-10 12:27:47 - Error in /users/getById
2023-06-10 12:27:56 - Entering endpoint /users/getById
2023-06-10 12:27:56 - Returning user with id:2
2023-06-10 12:27:57 - Entering endpoint /users/getById
2023-06-10 12:27:57 - Returning user with id:2
2023-06-10 12:28:03 - Entering endpoint /users/getById
2023-06-10 12:28:03 - Returning user with id:2
2023-06-10 12:28:05 - Entering endpoint /users/getById
2023-06-10 12:28:05 - Returning user with id:2
2023-06-10 12:28:31 - Entering endpoint /users/getById
2023-06-10 12:28:31 - Returning user with id:2
2023-06-10 12:28:32 - Entering endpoint /users/getUsers
2023-06-10 12:28:32 - Returning all users
2023-06-10 12:29:41 - Entering endpoint /users/deleteUser
2023-06-10 12:29:41 - Deleting user with id:4
2023-06-10 12:29:58 - Entering endpoint /users/addUser
2023-06-10 12:29:58 - Hashing password
2023-06-10 12:29:58 - Creating new user
2023-06-10 12:30:03 - Entering endpoint /users/addUser
2023-06-10 12:30:03 - User already exists
2023-06-10 12:30:05 - Entering endpoint /users/addUser
2023-06-10 12:30:05 - Returning user by mail and password
2023-06-10 12:30:09 - Entering endpoint /fuels/getAll
2023-06-10 12:30:09 - Entering endpoint /vehicleType/allTypes
2023-06-10 12:30:09 - Returning all fuels
2023-06-10 12:30:09 - Returing type list
2023-06-10 12:30:32 - Entering endpoint /vehicles/addVehicle
2023-06-10 12:30:32 - Creating vehicle
2023-06-10 12:30:35 - Entering endpoint /vehicles/addVehicle
2023-06-10 12:30:35 - Creating vehicle
2023-06-10 12:32:07 - Entering endpoint /users/addUser
2023-06-10 12:32:07 - Returning user by mail and password
2023-06-10 12:32:09 - Entering endpoint /vehicleType/allTypes
2023-06-10 12:32:09 - Entering endpoint /fuels/getAll
2023-06-10 12:32:09 - Returning all fuels
2023-06-10 12:32:09 - Returing type list
2023-06-10 12:32:37 - Entering endpoint /vehicles/addVehicle
2023-06-10 12:32:37 - Creating vehicle
2023-06-10 12:32:38 - Entering endpoint /vehicles/addVehicle
2023-06-10 12:32:38 - Creating vehicle
2023-06-10 12:33:46 - Entering endpoint /users/addUser
2023-06-10 12:33:46 - Returning user by mail and password
2023-06-10 12:33:51 - Entering endpoint /users/getUsers
2023-06-10 12:33:51 - Returning all users
2023-06-10 12:35:12 - Entering endpoint /vehicleType/allTypes
2023-06-10 12:35:12 - Returing type list
2023-06-10 12:35:15 - Entering endpoint /fuels/getAll
2023-06-10 12:35:15 - Returning all fuels
2023-06-10 12:35:26 - Entering endpoint /users/getUsers
2023-06-10 12:35:26 - Returning all users
2023-06-10 12:35:47 - Entering endpoint /fuels/getAll
2023-06-10 12:35:47 - Entering endpoint /vehicleType/allTypes
2023-06-10 12:35:47 - Returning all fuels
2023-06-10 12:35:47 - Returing type list
2023-06-10 12:37:32 - Entering endpoint /users/addUser
2023-06-10 12:37:32 - Returning user by mail and password
2023-06-10 12:39:04 - Entering endpoint /fuels/getAll
2023-06-10 12:39:04 - Returning all fuels
2023-06-10 12:39:04 - Entering endpoint /vehicleType/allTypes
2023-06-10 12:39:04 - Returing type list
2023-06-10 12:41:19 - Entering endpoint /users/addUser
2023-06-10 12:41:19 - Returning user by mail and password
2023-06-10 12:44:17 - Entering endpoint /vehicleType/allTypes
2023-06-10 12:44:17 - Returing type list
2023-06-10 12:44:17 - Entering endpoint /fuels/getAll
2023-06-10 12:44:17 - Returning all fuels
2023-06-10 12:45:19 - Entering endpoint /fuels/getAll
2023-06-10 12:45:19 - Returning all fuels
2023-06-10 12:45:19 - Entering endpoint /vehicleType/allTypes
2023-06-10 12:45:19 - Returing type list
2023-06-10 12:45:59 - Entering endpoint /fuels/getAll
2023-06-10 12:45:59 - Entering endpoint /vehicleType/allTypes
2023-06-10 12:45:59 - Returing type list
2023-06-10 12:45:59 - Returning all fuels
2023-06-10 18:36:29 - Entering endpoint /users/addUser
2023-06-10 18:36:29 - Returning user by mail and password
2023-06-10 18:36:32 - Entering endpoint /users/getUsers
2023-06-10 18:36:32 - Returning all users
2023-06-10 18:38:05 - Entering endpoint /users/getUsers
2023-06-10 18:38:05 - Returning all users
2023-06-10 18:39:44 - Entering endpoint /users/getUsers
2023-06-10 18:39:44 - Returning all users
2023-06-10 18:39:48 - Entering endpoint /users/getUsers
2023-06-10 18:39:48 - Returning all users
2023-06-10 18:39:50 - Entering endpoint /users/getUsers
2023-06-10 18:39:50 - Returning all users
2023-06-10 18:39:53 - Entering endpoint /users/getUsers
2023-06-10 18:39:53 - Returning all users
2023-06-10 18:39:58 - Entering endpoint /users/getUsers
2023-06-10 18:39:58 - Returning all users
2023-06-10 18:40:26 - Entering endpoint /users/getUsers
2023-06-10 18:40:26 - Returning all users
2023-06-10 18:40:27 - Entering endpoint /users/getUsers
2023-06-10 18:40:27 - Returning all users
2023-06-10 18:40:34 - Entering endpoint /users/getUsers
2023-06-10 18:40:34 - Returning all users
2023-06-10 18:41:15 - Entering endpoint /users/getUsers
2023-06-10 18:41:15 - Returning all users
2023-06-10 18:41:32 - Entering endpoint /users/getUsers
2023-06-10 18:41:32 - Returning all users
2023-06-10 18:41:36 - Entering endpoint /users/getUsers
2023-06-10 18:41:36 - Returning all users
2023-06-10 18:42:50 - Entering endpoint /users/getUsers
2023-06-10 18:42:50 - Returning all users
2023-06-10 18:43:31 - Entering endpoint /users/getUsers
2023-06-10 18:43:31 - Returning all users
2023-06-10 18:43:33 - Entering endpoint /users/getUsers
2023-06-10 18:43:33 - Returning all users
2023-06-10 18:43:37 - Entering endpoint /users/getUsers
2023-06-10 18:43:37 - Returning all users
2023-06-10 18:44:29 - Entering endpoint /users/getUsers
2023-06-10 18:44:29 - Returning all users
2023-06-10 18:45:16 - Entering endpoint /users/getUsers
2023-06-10 18:45:16 - Returning all users
2023-06-10 18:46:23 - Entering endpoint /users/getUsers
2023-06-10 18:46:23 - Returning all users
2023-06-10 18:46:36 - Entering endpoint /users/getUsers
2023-06-10 18:46:36 - Returning all users
2023-06-10 18:46:45 - Entering endpoint /users/getUsers
2023-06-10 18:46:45 - Returning all users
2023-06-10 18:47:08 - Entering endpoint /users/getUsers
2023-06-10 18:47:08 - Returning all users
2023-06-10 18:47:11 - Entering endpoint /users/getUsers
2023-06-10 18:47:11 - Returning all users
2023-06-10 18:47:30 - Entering endpoint /users/getUsers
2023-06-10 18:47:30 - Returning all users
2023-06-10 18:48:08 - Entering endpoint /users/getUsers
2023-06-10 18:48:08 - Returning all users
2023-06-10 18:48:30 - Entering endpoint /users/getUsers
2023-06-10 18:48:30 - Returning all users
2023-06-10 18:51:44 - Entering endpoint /users/getUsers
2023-06-10 18:51:44 - Returning all users
2023-06-10 19:03:26 - Entering endpoint /users/getUsers
2023-06-10 19:03:26 - Returning all users
2023-06-10 19:15:29 - Entering endpoint /users/getUsers
2023-06-10 19:15:29 - Returning all users
2023-06-10 19:15:34 - Entering endpoint /users/getUsers
2023-06-10 19:15:34 - Returning all users
2023-06-10 19:15:35 - Entering endpoint /users/getUsers
2023-06-10 19:15:35 - Returning all users
2023-06-10 19:15:49 - Entering endpoint /users/getUsers
2023-06-10 19:15:49 - Returning all users
2023-06-10 19:16:19 - Entering endpoint /users/getUsers
2023-06-10 19:16:19 - Returning all users
2023-06-10 19:16:22 - Entering endpoint /users/getById
2023-06-10 19:16:22 - Returning user with id:5
2023-06-10 19:19:59 - Entering endpoint /users/getById
2023-06-10 19:19:59 - Returning user with id:5
2023-06-10 19:20:03 - Entering endpoint /users/getById
2023-06-10 19:20:03 - Returning user with id:5
2023-06-10 19:20:34 - Entering endpoint /users/getById
2023-06-10 19:20:34 - Returning user with id:5
2023-06-10 19:20:38 - Entering endpoint /users/getById
2023-06-10 19:20:38 - Returning user with id:5
2023-06-10 19:20:39 - Entering endpoint /users/getById
2023-06-10 19:20:39 - Returning user with id:5
2023-06-10 19:20:51 - Entering endpoint /users/addUser
2023-06-10 19:20:51 - Returning user by mail and password
2023-06-10 19:20:54 - Entering endpoint /users/getUsers
2023-06-10 19:20:54 - Returning all users
2023-06-10 19:20:57 - Entering endpoint /users/getById
2023-06-10 19:20:57 - Returning user with id:5
2023-06-10 19:23:21 - Entering endpoint /users/getById
2023-06-10 19:23:21 - Returning user with id:5
2023-06-10 19:23:31 - Entering endpoint /users/getById
2023-06-10 19:23:31 - Returning user with id:5
2023-06-10 19:23:41 - Entering endpoint /users/getById
2023-06-10 19:23:41 - Returning user with id:5
2023-06-10 19:23:49 - Entering endpoint /users/getById
2023-06-10 19:23:49 - Returning user with id:5
2023-06-10 19:23:53 - Entering endpoint /messages/sendMessage
2023-06-10 19:23:53 - Creating message
2023-06-10 19:24:16 - Entering endpoint /users/getById
2023-06-10 19:24:16 - Returning user with id:5
2023-06-10 19:25:27 - Entering endpoint /users/getById
2023-06-10 19:25:27 - Returning user with id:5
2023-06-10 19:26:01 - Entering endpoint /users/getById
2023-06-10 19:26:01 - Returning user with id:5
2023-06-10 19:26:03 - Entering endpoint /users/getById
2023-06-10 19:26:03 - Returning user with id:5
2023-06-10 19:26:19 - Entering endpoint /users/getById
2023-06-10 19:26:19 - Returning user with id:5
2023-06-10 19:26:42 - Entering endpoint /users/getById
2023-06-10 19:26:42 - Returning user with id:5
2023-06-10 19:26:50 - Entering endpoint /users/getById
2023-06-10 19:26:50 - Returning user with id:5
2023-06-10 19:26:54 - Entering endpoint /messages/sendMessage
2023-06-10 19:26:54 - Creating message
2023-06-10 19:28:00 - Entering endpoint /users/getById
2023-06-10 19:28:00 - Returning user with id:5
2023-06-10 19:28:04 - Entering endpoint /messages/sendMessage
2023-06-10 19:28:04 - Creating message
2023-06-10 19:29:48 - Entering endpoint /users/getById
2023-06-10 19:29:48 - Returning user with id:5
2023-06-10 19:29:55 - Entering endpoint /users/getById
2023-06-10 19:29:55 - Returning user with id:5
2023-06-10 19:30:00 - Entering endpoint /users/getById
2023-06-10 19:30:00 - Returning user with id:5
2023-06-10 19:30:40 - Entering endpoint /users/getById
2023-06-10 19:30:40 - Returning user with id:5
2023-06-10 19:30:56 - Entering endpoint /users/getById
2023-06-10 19:30:56 - Returning user with id:5
2023-06-10 19:31:10 - Entering endpoint /users/getById
2023-06-10 19:31:10 - Returning user with id:5
2023-06-10 19:31:13 - Entering endpoint /users/getById
2023-06-10 19:31:13 - Returning user with id:5
2023-06-10 19:31:43 - Entering endpoint /users/getById
2023-06-10 19:31:43 - Returning user with id:5
2023-06-10 19:31:46 - Entering endpoint /users/getById
2023-06-10 19:31:46 - Returning user with id:5
2023-06-10 19:32:44 - Entering endpoint /users/getById
2023-06-10 19:32:44 - Returning user with id:5
2023-06-10 19:32:51 - Entering endpoint /users/getById
2023-06-10 19:32:51 - Returning user with id:5
2023-06-10 19:32:53 - Entering endpoint /users/getById
2023-06-10 19:32:53 - Returning user with id:5
2023-06-10 19:32:58 - Entering endpoint /messages/sendMessage
2023-06-10 19:32:58 - Creating message
2023-06-10 19:33:09 - Entering endpoint /users/getById
2023-06-10 19:33:09 - Returning user with id:5
2023-06-10 19:34:10 - Entering endpoint /users/getById
2023-06-10 19:34:10 - Returning user with id:5
2023-06-10 19:34:13 - Entering endpoint /users/getById
2023-06-10 19:34:13 - Returning user with id:5
2023-06-10 19:34:18 - Entering endpoint /messages/sendMessage
2023-06-10 19:34:18 - Creating message
2023-06-10 19:34:33 - Entering endpoint /users/getById
2023-06-10 19:34:33 - Returning user with id:5
2023-06-10 19:34:36 - Entering endpoint /messages/sendMessage
2023-06-10 19:34:36 - Creating message
2023-06-10 19:35:00 - Entering endpoint /users/getById
2023-06-10 19:35:00 - Returning user with id:5
2023-06-10 19:35:14 - Entering endpoint /users/getById
2023-06-10 19:35:14 - Returning user with id:5
2023-06-10 19:35:15 - Entering endpoint /users/getById
2023-06-10 19:35:15 - Returning user with id:5
2023-06-10 19:36:49 - Entering endpoint /users/getById
2023-06-10 19:36:49 - Returning user with id:5
2023-06-10 19:37:16 - Entering endpoint /users/getById
2023-06-10 19:37:16 - Returning user with id:5
2023-06-10 19:37:37 - Entering endpoint /users/getById
2023-06-10 19:37:37 - Returning user with id:5
2023-06-10 19:37:46 - Entering endpoint /users/getById
2023-06-10 19:37:46 - Returning user with id:5
2023-06-10 19:37:57 - Entering endpoint /users/getById
2023-06-10 19:37:57 - Returning user with id:5
2023-06-10 19:37:59 - Entering endpoint /users/getById
2023-06-10 19:37:59 - Returning user with id:5
2023-06-10 19:38:01 - Entering endpoint /users/getById
2023-06-10 19:38:01 - Returning user with id:5
2023-06-10 19:38:51 - Entering endpoint /users/getById
2023-06-10 19:38:51 - Returning user with id:5
2023-06-10 19:39:02 - Entering endpoint /users/getById
2023-06-10 19:39:02 - Returning user with id:5
2023-06-10 19:39:06 - Entering endpoint /users/getById
2023-06-10 19:39:06 - Returning user with id:5
2023-06-10 19:39:28 - Entering endpoint /users/getById
2023-06-10 19:39:28 - Returning user with id:5
2023-06-10 19:39:52 - Entering endpoint /users/getById
2023-06-10 19:39:52 - Returning user with id:5
2023-06-10 19:40:07 - Entering endpoint /users/getById
2023-06-10 19:40:07 - Returning user with id:5
2023-06-10 19:40:17 - Entering endpoint /users/getById
2023-06-10 19:40:17 - Returning user with id:5
2023-06-10 19:40:22 - Entering endpoint /users/getById
2023-06-10 19:40:22 - Returning user with id:5
2023-06-10 19:40:27 - Entering endpoint /users/getById
2023-06-10 19:40:27 - Returning user with id:5
2023-06-10 19:40:51 - Entering endpoint /users/getById
2023-06-10 19:40:51 - Returning user with id:5
2023-06-10 19:41:29 - Entering endpoint /users/getById
2023-06-10 19:41:29 - Returning user with id:5
2023-06-10 19:41:32 - Entering endpoint /users/getById
2023-06-10 19:41:32 - Returning user with id:5
2023-06-10 19:41:40 - Entering endpoint /users/getById
2023-06-10 19:41:40 - Returning user with id:5
2023-06-10 19:41:52 - Entering endpoint /messages/sendMessage
2023-06-10 19:41:52 - Creating message
2023-06-10 19:42:05 - Entering endpoint /users/getById
2023-06-10 19:42:05 - Returning user with id:5
2023-06-10 19:42:51 - Entering endpoint /users/getById
2023-06-10 19:42:51 - Returning user with id:5
2023-06-10 19:43:07 - Entering endpoint /messages/sendMessage
2023-06-10 19:43:07 - Creating message
2023-06-10 19:54:20 - Entering endpoint /messages/findMessages
2023-06-10 19:54:20 - Returning messages
2023-06-10 19:54:57 - Entering endpoint /messages/findMessages
2023-06-10 19:54:57 - Returning messages
2023-06-10 19:57:17 - Entering endpoint /messages/findMessages
2023-06-10 19:57:17 - Returning messages
2023-06-10 19:57:35 - Entering endpoint /messages/findMessages
2023-06-10 19:57:35 - Returning messages
2023-06-10 19:57:36 - Entering endpoint /messages/findMessages
2023-06-10 19:57:36 - Returning messages
2023-06-10 19:57:37 - Entering endpoint /messages/findMessages
2023-06-10 19:57:37 - Returning messages
2023-06-10 19:57:43 - Entering endpoint /messages/findMessages
2023-06-10 19:57:43 - Returning messages
2023-06-10 19:58:13 - Entering endpoint /messages/sendMessage
2023-06-10 19:58:13 - Creating message
2023-06-10 20:00:19 - Entering endpoint /messages/findMessages
2023-06-10 20:00:19 - Returning messages
2023-06-10 20:00:20 - Entering endpoint /messages/findMessages
2023-06-10 20:00:20 - Returning messages
2023-06-10 20:00:21 - Entering endpoint /messages/findMessages
2023-06-10 20:00:21 - Returning messages
2023-06-10 20:00:22 - Entering endpoint /messages/findMessages
2023-06-10 20:00:22 - Returning messages
2023-06-10 20:00:22 - Entering endpoint /messages/findMessages
2023-06-10 20:00:22 - Returning messages
2023-06-10 20:00:23 - Entering endpoint /messages/findMessages
2023-06-10 20:00:23 - Returning messages
2023-06-10 20:00:47 - Entering endpoint /users/getById
2023-06-10 20:00:47 - Returning user with id:5
2023-06-10 20:01:34 - Entering endpoint /messages/findMessages
2023-06-10 20:01:34 - Returning messages
2023-06-10 20:01:35 - Entering endpoint /messages/findMessages
2023-06-10 20:01:35 - Returning messages
2023-06-10 20:01:36 - Entering endpoint /messages/findMessages
2023-06-10 20:01:36 - Returning messages
2023-06-10 20:01:36 - Entering endpoint /messages/findMessages
2023-06-10 20:01:36 - Returning messages
2023-06-10 20:01:37 - Entering endpoint /messages/findMessages
2023-06-10 20:01:37 - Returning messages
2023-06-10 20:01:38 - Entering endpoint /messages/findMessages
2023-06-10 20:01:38 - Returning messages
2023-06-10 21:53:56 - Entering endpoint /users/getById
2023-06-10 21:53:56 - Returning user with id:5
2023-06-10 21:54:02 - Entering endpoint /users/getById
2023-06-10 21:54:02 - Returning user with id:5
2023-06-10 21:54:27 - Entering endpoint /users/getById
2023-06-10 21:54:27 - Returning user with id:5
2023-06-10 21:54:53 - Entering endpoint /users/getById
2023-06-10 21:54:53 - Returning user with id:5
2023-06-10 21:55:01 - Entering endpoint /users/getById
2023-06-10 21:55:01 - Returning user with id:5
2023-06-10 21:55:20 - Entering endpoint /users/getById
2023-06-10 21:55:20 - Returning user with id:5
2023-06-10 21:55:28 - Entering endpoint /users/getById
2023-06-10 21:55:28 - Returning user with id:5
2023-06-10 21:58:47 - Entering endpoint /users/getById
2023-06-10 21:58:47 - Returning user with id:5
2023-06-10 21:59:09 - Entering endpoint /users/getById
2023-06-10 21:59:09 - Returning user with id:5
2023-06-10 21:59:26 - Entering endpoint /users/getById
2023-06-10 21:59:26 - Returning user with id:5
2023-06-10 21:59:34 - Entering endpoint /users/getById
2023-06-10 21:59:34 - Returning user with id:5
2023-06-10 21:59:36 - Entering endpoint /users/getById
2023-06-10 21:59:36 - Returning user with id:5
2023-06-10 21:59:43 - Entering endpoint /users/getById
2023-06-10 21:59:43 - Returning user with id:5
2023-06-10 22:02:01 - Entering endpoint /users/getById
2023-06-10 22:02:01 - Returning user with id:5
2023-06-10 22:02:07 - Entering endpoint /users/getById
2023-06-10 22:02:07 - Returning user with id:5
2023-06-10 22:02:15 - Entering endpoint /users/getById
2023-06-10 22:02:15 - Returning user with id:5
2023-06-10 22:05:03 - Entering endpoint /users/getById
2023-06-10 22:05:03 - Returning user with id:5
2023-06-10 22:05:16 - Entering endpoint /users/getById
2023-06-10 22:05:16 - Returning user with id:5
2023-06-10 22:05:44 - Entering endpoint /users/getById
2023-06-10 22:05:44 - Returning user with id:5
2023-06-10 22:06:15 - Entering endpoint /users/getById
2023-06-10 22:06:15 - Returning user with id:5
2023-06-10 22:06:39 - Entering endpoint /users/getUsers
2023-06-10 22:06:39 - Returning all users
2023-06-10 22:06:40 - Entering endpoint /users/getById
2023-06-10 22:06:40 - Returning user with id:5
2023-06-10 22:06:42 - Entering endpoint /users/getUsers
2023-06-10 22:06:42 - Returning all users
2023-06-10 22:06:43 - Entering endpoint /users/getById
2023-06-10 22:06:43 - Returning user with id:5
2023-06-10 22:06:43 - Entering endpoint /roles/getAllRoles
2023-06-10 22:06:43 - Returning all roles
2023-06-10 22:06:45 - Entering endpoint /users/updateUser
2023-06-10 22:06:45 - Updating user
2023-06-10 22:06:47 - Entering endpoint /users/getUsers
2023-06-10 22:06:47 - Returning all users
2023-06-10 22:07:24 - Entering endpoint /users/getUsers
2023-06-10 22:07:24 - Returning all users
2023-06-10 22:07:24 - Entering endpoint /users/getById
2023-06-10 22:07:24 - Returning user with id:5
2023-06-10 22:07:28 - Entering endpoint /users/getUsers
2023-06-10 22:07:28 - Returning all users
2023-06-10 22:07:29 - Entering endpoint /roles/getAllRoles
2023-06-10 22:07:29 - Entering endpoint /users/getById
2023-06-10 22:07:29 - Returning all roles
2023-06-10 22:07:29 - Returning user with id:5
2023-06-10 22:07:31 - Entering endpoint /users/updateUser
2023-06-10 22:07:31 - Updating user
2023-06-10 22:07:31 - Entering endpoint /users/getUsers
2023-06-10 22:07:31 - Returning all users
2023-06-10 22:07:48 - Entering endpoint /users/getUsers
2023-06-10 22:07:48 - Returning all users
2023-06-10 22:07:48 - Entering endpoint /users/getById
2023-06-10 22:07:48 - Returning user with id:5
2023-06-10 22:08:10 - Entering endpoint /users/getUsers
2023-06-10 22:08:10 - Returning all users
2023-06-10 22:08:10 - Entering endpoint /users/getById
2023-06-10 22:08:10 - Returning user with id:5
2023-06-10 22:08:13 - Entering endpoint /users/getUsers
2023-06-10 22:08:13 - Returning all users
2023-06-10 22:08:13 - Entering endpoint /users/getById
2023-06-10 22:08:13 - Returning user with id:5
2023-06-10 22:08:17 - Entering endpoint /users/getById
2023-06-10 22:08:17 - Returning user with id:5
2023-06-10 22:08:18 - Entering endpoint /users/getById
2023-06-10 22:08:18 - Returning user with id:5
2023-06-10 22:08:29 - Entering endpoint /users/getById
2023-06-10 22:08:29 - Returning user with id:5
2023-06-10 22:08:31 - Entering endpoint /users/getById
2023-06-10 22:08:31 - Returning user with id:5
2023-06-10 22:11:15 - Entering endpoint /users/getById
2023-06-10 22:11:15 - Returning user with id:5
2023-06-10 22:11:15 - Entering endpoint /users/getById
2023-06-10 22:11:15 - Returning user with id:5
2023-06-10 22:12:47 - Entering endpoint /users/getById
2023-06-10 22:12:47 - Returning user with id:5
2023-06-10 22:12:52 - Entering endpoint /users/getById
2023-06-10 22:12:52 - Returning user with id:5
2023-06-10 22:15:36 - Entering endpoint /users/getById
2023-06-10 22:15:36 - Returning user with id:5
2023-06-10 22:15:36 - Entering endpoint /users/getById
2023-06-10 22:15:36 - Returning user with id:5
2023-06-10 22:16:13 - Entering endpoint /users/getById
2023-06-10 22:16:13 - Returning user with id:5
2023-06-10 22:16:15 - Entering endpoint /users/deleteUser
2023-06-10 22:16:15 - Deleting user with id:5
2023-06-10 22:20:55 - Entering endpoint /users/deleteUser
2023-06-10 22:20:55 - Deleting user with id:5
2023-06-10 22:21:01 - Entering endpoint /users/getById
2023-06-10 22:21:01 - Returning user with id:5
2023-06-10 22:21:03 - Entering endpoint /users/getUsers
2023-06-10 22:21:03 - Returning all users
2023-06-10 22:25:16 - Entering endpoint /users/getById
2023-06-10 22:25:16 - Returning user with id:5
2023-06-10 22:25:17 - Entering endpoint /users/getById
2023-06-10 22:25:17 - Returning user with id:5
2023-06-10 22:25:18 - Entering endpoint /users/deleteUser
2023-06-10 22:25:18 - Deleting user with id:5
2023-06-10 22:28:14 - Entering endpoint /users/getById
2023-06-10 22:28:14 - Returning user with id:5
2023-06-10 22:28:14 - Error in /users/getById
2023-06-10 22:28:15 - Entering endpoint /users/getUsers
2023-06-10 22:28:15 - Returning all users
2023-06-10 22:28:36 - Entering endpoint /users/addUser
2023-06-10 22:28:36 - Hashing password
2023-06-10 22:28:36 - Creating new user
2023-06-10 22:29:55 - Entering endpoint /users/addUser
2023-06-10 22:29:55 - Hashing password
2023-06-10 22:29:55 - Creating new user
2023-06-10 22:30:24 - Entering endpoint /users/addUser
2023-06-10 22:30:24 - Returning user by mail and password
2023-06-10 22:30:28 - Entering endpoint /users/getUsers
2023-06-10 22:30:28 - Returning all users
2023-06-10 22:30:32 - Entering endpoint /users/getById
2023-06-10 22:30:32 - Returning user with id:2
2023-06-10 22:30:36 - Entering endpoint /messages/sendMessage
2023-06-10 22:30:36 - Creating message
2023-06-10 22:30:54 - Entering endpoint /users/getUsers
2023-06-10 22:30:54 - Returning all users
2023-06-10 22:30:58 - Entering endpoint /vehicleType/allTypes
2023-06-10 22:30:58 - Entering endpoint /fuels/getAll
2023-06-10 22:30:58 - Returning all fuels
2023-06-10 22:30:58 - Returing type list
2023-06-10 22:37:48 - Entering endpoint /users/addUser
2023-06-10 22:37:48 - Returning user by mail and password
2023-06-10 22:37:51 - Entering endpoint /fuels/getAll
2023-06-10 22:37:51 - Returning all fuels
2023-06-10 22:37:55 - Entering endpoint /fuels/addFuel
2023-06-10 22:37:55 - Creating new fuel
2023-06-10 22:37:57 - Entering endpoint /fuels/addFuel
2023-06-10 22:37:57 - Creating new fuel
2023-06-10 22:38:01 - Entering endpoint /vehicleType/allTypes
2023-06-10 22:38:01 - Returing type list
2023-06-10 22:38:04 - Entering endpoint /vehicleType/addType
2023-06-10 22:38:04 - Adding new type
2023-06-10 22:38:06 - Entering endpoint /vehicleType/addType
2023-06-10 22:38:06 - Adding new type
2023-06-10 22:38:12 - Entering endpoint /users/getUsers
2023-06-10 22:38:12 - Returning all users
2023-06-10 22:38:15 - Entering endpoint /users/getById
2023-06-10 22:38:15 - Returning user with id:2
2023-06-10 22:38:16 - Entering endpoint /users/getById
2023-06-10 22:38:16 - Returning user with id:2
2023-06-10 22:38:17 - Entering endpoint /users/deleteUser
2023-06-10 22:38:17 - Deleting user with id:2
2023-06-10 22:42:51 - Entering endpoint /users/deleteUser
2023-06-10 22:42:51 - Deleting user with id:2
2023-06-10 22:43:33 - Entering endpoint /users/getById
2023-06-10 22:43:33 - Returning user with id:2
2023-06-10 22:43:33 - Error in /users/getById
2023-06-10 22:43:34 - Entering endpoint /users/getUsers
2023-06-10 22:43:34 - Returning all users
2023-06-10 22:43:46 - Entering endpoint /users/addUser
2023-06-10 22:43:46 - Hashing password
2023-06-10 22:43:46 - Creating new user
2023-06-10 22:43:56 - Entering endpoint /users/addUser
2023-06-10 22:43:56 - Hashing password
2023-06-10 22:43:56 - Creating new user
2023-06-10 22:43:57 - Entering endpoint /users/addUser
2023-06-10 22:43:57 - User already exists
2023-06-10 22:48:22 - Entering endpoint /users/addUser
2023-06-10 22:48:22 - Returning user by mail and password
2023-06-10 22:48:23 - Entering endpoint /users/getUsers
2023-06-10 22:48:23 - Returning all users
2023-06-10 22:48:26 - Entering endpoint /roles/getAllRoles
2023-06-10 22:48:26 - Returning all roles
2023-06-10 22:48:26 - Entering endpoint /users/getById
2023-06-10 22:48:26 - Returning user with id:4
2023-06-10 22:48:28 - Entering endpoint /users/getUsers
2023-06-10 22:48:28 - Returning all users
2023-06-10 22:48:29 - Entering endpoint /users/getById
2023-06-10 22:48:29 - Returning user with id:4
2023-06-10 22:48:31 - Entering endpoint /users/getById
2023-06-10 22:48:31 - Returning user with id:4
2023-06-10 22:48:32 - Entering endpoint /users/deleteUser
2023-06-10 22:48:32 - Deleting user with id:4
2023-06-10 22:48:36 - Entering endpoint /users/getById
2023-06-10 22:48:36 - Returning user with id:4
2023-06-10 22:48:36 - Error in /users/getById
2023-06-10 22:48:38 - Entering endpoint /users/getUsers
2023-06-10 22:48:38 - Returning all users
2023-06-10 22:48:43 - Entering endpoint /users/getById
2023-06-10 22:48:43 - Entering endpoint /roles/getAllRoles
2023-06-10 22:48:43 - Returning all roles
2023-06-10 22:48:43 - Returning user with id:3
2023-06-10 22:48:46 - Entering endpoint /users/getUsers
2023-06-10 22:48:46 - Returning all users
2023-06-10 22:50:17 - Entering endpoint /users/addUser
2023-06-10 22:50:17 - Hashing password
2023-06-10 22:50:17 - Creating new user
2023-06-10 22:50:18 - Entering endpoint /users/addUser
2023-06-10 22:50:18 - User already exists
2023-06-10 22:50:24 - Entering endpoint /users/addUser
2023-06-10 22:50:24 - Returning user by mail and password
2023-06-10 22:50:26 - Entering endpoint /users/getUsers
2023-06-10 22:50:26 - Returning all users
2023-06-10 22:50:28 - Entering endpoint /users/getById
2023-06-10 22:50:28 - Returning user with id:3
2023-06-10 22:50:31 - Entering endpoint /messages/sendMessage
2023-06-10 22:50:31 - Creating message
2023-06-10 22:50:37 - Entering endpoint /users/addUser
2023-06-10 22:50:37 - Returning user by mail and password
2023-06-10 22:50:39 - Entering endpoint /users/getUsers
2023-06-10 22:50:39 - Returning all users
2023-06-10 22:50:41 - Entering endpoint /users/getById
2023-06-10 22:50:41 - Returning user with id:5
2023-06-10 22:50:42 - Entering endpoint /users/getById
2023-06-10 22:50:42 - Returning user with id:5
2023-06-10 22:50:43 - Entering endpoint /users/deleteUser
2023-06-10 22:50:43 - Deleting user with id:5
2023-06-10 22:50:48 - Entering endpoint /users/getById
2023-06-10 22:50:48 - Returning user with id:5
2023-06-10 22:50:48 - Error in /users/getById
2023-06-10 22:50:49 - Entering endpoint /users/getUsers
2023-06-10 22:50:49 - Returning all users
2023-06-10 22:52:04 - Entering endpoint /users/addUser
2023-06-10 22:52:04 - Returning user by mail and password
2023-06-10 22:52:04 - Error in /users/getByMailAndPassword
2023-06-10 22:52:12 - Entering endpoint /users/addUser
2023-06-10 22:52:12 - Hashing password
2023-06-10 22:52:12 - Creating new user
2023-06-10 22:52:30 - Entering endpoint /users/addUser
2023-06-10 22:52:30 - User already exists
2023-06-10 22:52:45 - Entering endpoint /users/addUser
2023-06-10 22:52:45 - Hashing password
2023-06-10 22:52:45 - Creating new user
2023-06-10 22:52:47 - Entering endpoint /users/addUser
2023-06-10 22:52:47 - User already exists
2023-06-10 22:52:48 - Entering endpoint /users/addUser
2023-06-10 22:52:48 - Returning user by mail and password
2023-06-10 22:53:06 - Entering endpoint /users/getUsers
2023-06-10 22:53:06 - Returning all users
2023-06-10 22:53:09 - Entering endpoint /users/getById
2023-06-10 22:53:09 - Returning user with id:7
2023-06-10 22:53:10 - Entering endpoint /users/getById
2023-06-10 22:53:10 - Returning user with id:7
2023-06-10 22:53:10 - Entering endpoint /users/deleteUser
2023-06-10 22:53:10 - Deleting user with id:7
2023-06-10 22:53:11 - Entering endpoint /users/getById
2023-06-10 22:53:11 - Returning user with id:7
2023-06-10 22:53:11 - Error in /users/getById
2023-06-10 22:53:12 - Entering endpoint /users/getUsers
2023-06-10 22:53:12 - Returning all users
2023-06-10 22:53:33 - Entering endpoint /users/addUser
2023-06-10 22:53:33 - Hashing password
2023-06-10 22:53:33 - Creating new user
2023-06-10 22:53:34 - Entering endpoint /users/addUser
2023-06-10 22:53:34 - User already exists
2023-06-10 22:53:42 - Entering endpoint /users/addUser
2023-06-10 22:53:42 - Returning user by mail and password
2023-06-10 22:53:43 - Entering endpoint /users/getUsers
2023-06-10 22:53:43 - Returning all users
2023-06-10 22:53:45 - Entering endpoint /users/getById
2023-06-10 22:53:45 - Returning user with id:8
2023-06-10 22:53:46 - Entering endpoint /users/getUsers
2023-06-10 22:53:46 - Returning all users
2023-06-10 22:53:49 - Entering endpoint /users/getUsers
2023-06-10 22:53:49 - Returning all users
2023-06-10 22:53:51 - Entering endpoint /users/getById
2023-06-10 22:53:51 - Returning user with id:8
2023-06-10 22:53:54 - Entering endpoint /messages/sendMessage
2023-06-10 22:53:54 - Creating message
2023-06-10 22:53:56 - Entering endpoint /users/getUsers
2023-06-10 22:53:56 - Returning all users
2023-06-10 22:53:58 - Entering endpoint /users/getById
2023-06-10 22:53:58 - Returning user with id:8
2023-06-10 22:53:59 - Entering endpoint /users/getById
2023-06-10 22:53:59 - Returning user with id:8
2023-06-10 22:54:00 - Entering endpoint /users/deleteUser
2023-06-10 22:54:00 - Deleting user with id:8
2023-06-10 22:54:01 - Entering endpoint /users/getById
2023-06-10 22:54:01 - Returning user with id:8
2023-06-10 22:54:01 - Error in /users/getById
2023-06-10 22:54:01 - Entering endpoint /users/getUsers
2023-06-10 22:54:01 - Returning all users
2023-06-10 22:56:02 - Entering endpoint /users/addUser
2023-06-10 22:56:02 - Hashing password
2023-06-10 22:56:02 - Creating new user
2023-06-10 22:56:03 - Entering endpoint /users/addUser
2023-06-10 22:56:03 - User already exists
2023-06-10 22:56:12 - Entering endpoint /users/addUser
2023-06-10 22:56:12 - Hashing password
2023-06-10 22:56:12 - Creating new user
2023-06-10 22:56:13 - Entering endpoint /users/addUser
2023-06-10 22:56:13 - User already exists
2023-06-10 22:56:31 - Entering endpoint /users/addUser
2023-06-10 22:56:31 - Returning user by mail and password
2023-06-10 22:56:35 - Entering endpoint /users/getUsers
2023-06-10 22:56:35 - Returning all users
2023-06-10 22:56:40 - Entering endpoint /users/getUsers
2023-06-10 22:56:40 - Returning all users
2023-06-10 22:56:44 - Entering endpoint /users/getById
2023-06-10 22:56:44 - Returning user with id:10
2023-06-10 22:56:49 - Entering endpoint /messages/sendMessage
2023-06-10 22:56:49 - Creating message
2023-06-10 22:56:51 - Entering endpoint /users/getUsers
2023-06-10 22:56:51 - Returning all users
2023-06-10 22:56:58 - Entering endpoint /users/getById
2023-06-10 22:56:58 - Returning user with id:10
2023-06-10 22:56:59 - Entering endpoint /users/getById
2023-06-10 22:56:59 - Returning user with id:10
2023-06-10 22:56:59 - Entering endpoint /users/deleteUser
2023-06-10 22:56:59 - Deleting user with id:10
2023-06-10 22:57:00 - Entering endpoint /users/getById
2023-06-10 22:57:00 - Returning user with id:10
2023-06-10 22:57:00 - Error in /users/getById
2023-06-10 22:57:01 - Entering endpoint /users/getUsers
2023-06-10 22:57:01 - Returning all users
2023-06-10 23:01:09 - Entering endpoint /users/addUser
2023-06-10 23:01:09 - Hashing password
2023-06-10 23:01:09 - Creating new user
2023-06-10 23:01:12 - Entering endpoint /users/addUser
2023-06-10 23:01:12 - User already exists
2023-06-10 23:01:20 - Entering endpoint /users/addUser
2023-06-10 23:01:20 - Hashing password
2023-06-10 23:01:20 - Creating new user
2023-06-10 23:01:21 - Entering endpoint /users/addUser
2023-06-10 23:01:21 - User already exists
2023-06-10 23:01:39 - Entering endpoint /users/addUser
2023-06-10 23:01:39 - Returning user by mail and password
2023-06-10 23:01:42 - Entering endpoint /users/getUsers
2023-06-10 23:01:42 - Returning all users
2023-06-10 23:01:45 - Entering endpoint /users/getById
2023-06-10 23:01:45 - Returning user with id:12
2023-06-10 23:01:50 - Entering endpoint /messages/sendMessage
2023-06-10 23:01:50 - Creating message
2023-06-10 23:01:53 - Entering endpoint /users/getUsers
2023-06-10 23:01:53 - Returning all users
2023-06-10 23:01:55 - Entering endpoint /users/getById
2023-06-10 23:01:55 - Returning user with id:12
2023-06-10 23:01:56 - Entering endpoint /users/getById
2023-06-10 23:01:56 - Returning user with id:12
2023-06-10 23:01:56 - Entering endpoint /users/deleteUser
2023-06-10 23:01:56 - Deleting user with id:12
2023-06-10 23:01:57 - Entering endpoint /users/getById
2023-06-10 23:01:57 - Returning user with id:12
2023-06-10 23:01:57 - Error in /users/getById
2023-06-10 23:01:58 - Entering endpoint /users/getUsers
2023-06-10 23:01:58 - Returning all users
2023-06-10 23:05:42 - Entering endpoint /users/addUser
2023-06-10 23:05:43 - Hashing password
2023-06-10 23:05:43 - Creating new user
2023-06-10 23:05:55 - Entering endpoint /users/addUser
2023-06-10 23:05:55 - Hashing password
2023-06-10 23:05:55 - Creating new user
2023-06-10 23:05:56 - Entering endpoint /users/addUser
2023-06-10 23:05:56 - User already exists
2023-06-10 23:06:07 - Entering endpoint /users/addUser
2023-06-10 23:06:07 - Returning user by mail and password
2023-06-10 23:06:11 - Entering endpoint /users/addUser
2023-06-10 23:06:11 - Returning user by mail and password
2023-06-10 23:06:19 - Entering endpoint /users/addUser
2023-06-10 23:06:19 - Returning user by mail and password
2023-06-10 23:06:22 - Entering endpoint /users/getUsers
2023-06-10 23:06:22 - Returning all users
2023-06-10 23:06:24 - Entering endpoint /users/getById
2023-06-10 23:06:24 - Returning user with id:14
2023-06-10 23:06:26 - Entering endpoint /messages/sendMessage
2023-06-10 23:06:26 - Creating message
2023-06-10 23:06:28 - Entering endpoint /users/getUsers
2023-06-10 23:06:28 - Returning all users
2023-06-10 23:06:29 - Entering endpoint /users/getById
2023-06-10 23:06:29 - Returning user with id:14
2023-06-10 23:06:30 - Entering endpoint /users/getById
2023-06-10 23:06:30 - Returning user with id:14
2023-06-10 23:06:31 - Entering endpoint /users/deleteUser
2023-06-10 23:06:31 - Deleting user with id:14
2023-06-10 23:06:32 - Entering endpoint /users/getById
2023-06-10 23:06:32 - Returning user with id:14
2023-06-10 23:12:09 - Entering endpoint /users/getById
2023-06-10 23:12:09 - Returning user with id:14
2023-06-10 23:12:10 - Entering endpoint /users/deleteUser
2023-06-10 23:12:10 - Deleting user with id:14
2023-06-10 23:12:11 - Entering endpoint /users/getById
2023-06-10 23:12:11 - Returning user with id:14
2023-06-10 23:12:11 - Error in /users/getById
2023-06-10 23:12:12 - Entering endpoint /users/getUsers
2023-06-10 23:12:12 - Returning all users
2023-06-10 23:12:37 - Entering endpoint /users/addUser
2023-06-10 23:12:37 - Hashing password
2023-06-10 23:12:37 - Creating new user
2023-06-10 23:12:38 - Entering endpoint /users/addUser
2023-06-10 23:12:38 - User already exists
2023-06-10 23:12:40 - Entering endpoint /users/addUser
2023-06-10 23:12:40 - Returning user by mail and password
2023-06-10 23:12:41 - Entering endpoint /users/getUsers
2023-06-10 23:12:41 - Returning all users
2023-06-10 23:12:43 - Entering endpoint /users/getById
2023-06-10 23:12:43 - Returning user with id:13
2023-06-10 23:12:46 - Entering endpoint /messages/sendMessage
2023-06-10 23:12:46 - Creating message
2023-06-10 23:13:08 - Entering endpoint /users/addUser
2023-06-10 23:13:08 - Returning user by mail and password
2023-06-10 23:13:09 - Entering endpoint /users/getUsers
2023-06-10 23:13:09 - Returning all users
2023-06-10 23:13:10 - Entering endpoint /users/getById
2023-06-10 23:13:10 - Returning user with id:15
2023-06-10 23:13:10 - Entering endpoint /users/getById
2023-06-10 23:13:10 - Returning user with id:15
2023-06-10 23:13:11 - Entering endpoint /users/deleteUser
2023-06-10 23:13:11 - Deleting user with id:15
2023-06-10 23:13:12 - Entering endpoint /users/getById
2023-06-10 23:13:12 - Returning user with id:15
2023-06-10 23:13:12 - Error in /users/getById
2023-06-10 23:13:13 - Entering endpoint /users/getUsers
2023-06-10 23:13:13 - Returning all users
2023-06-11 00:39:24 - Entering endpoint /users/getUsers
2023-06-11 00:39:24 - Returning all users
2023-06-11 00:40:27 - Entering endpoint /users/getUsers
2023-06-11 00:40:27 - Returning all users
2023-06-11 00:40:28 - Entering endpoint /users/getUsers
2023-06-11 00:40:28 - Returning all users
2023-06-11 00:41:12 - Entering endpoint /users/getUsers
2023-06-11 00:41:12 - Returning all users
2023-06-11 00:42:47 - Entering endpoint /users/getUsers
2023-06-11 00:42:47 - Returning all users
2023-06-11 00:43:24 - Entering endpoint /users/getUsers
2023-06-11 00:43:24 - Returning all users
2023-06-11 00:43:41 - Entering endpoint /users/getUsers
2023-06-11 00:43:41 - Returning all users
2023-06-11 00:44:13 - Entering endpoint /users/getUsers
2023-06-11 00:44:13 - Returning all users
2023-06-11 00:44:20 - Entering endpoint /users/getUsers
2023-06-11 00:44:20 - Returning all users
2023-06-11 00:44:25 - Entering endpoint /users/getUsers
2023-06-11 00:44:25 - Returning all users
2023-06-11 00:47:23 - Entering endpoint /users/getUsers
2023-06-11 00:47:23 - Returning all users
2023-06-11 00:53:16 - Entering endpoint /users/getUsers
2023-06-11 00:53:16 - Returning all users
2023-06-11 00:53:29 - Entering endpoint /users/getUsers
2023-06-11 00:53:29 - Returning all users
2023-06-11 00:53:34 - Entering endpoint /users/getUsers
2023-06-11 00:53:34 - Returning all users
2023-06-11 00:53:39 - Entering endpoint /users/getUsers
2023-06-11 00:53:39 - Returning all users
2023-06-11 00:53:52 - Entering endpoint /users/getUsers
2023-06-11 00:53:52 - Returning all users
2023-06-11 00:54:03 - Entering endpoint /users/getUsers
2023-06-11 00:54:03 - Returning all users
2023-06-11 00:54:27 - Entering endpoint /users/getUsers
2023-06-11 00:54:27 - Returning all users
2023-06-11 00:54:35 - Entering endpoint /users/getUsers
2023-06-11 00:54:35 - Returning all users
2023-06-11 00:54:39 - Entering endpoint /users/getUsers
2023-06-11 00:54:39 - Returning all users
2023-06-11 00:54:42 - Entering endpoint /users/getUsers
2023-06-11 00:54:42 - Returning all users
2023-06-11 00:54:47 - Entering endpoint /users/getUsers
2023-06-11 00:54:47 - Returning all users
2023-06-11 01:16:05 - Entering endpoint /users/getUsers
2023-06-11 01:16:05 - Returning all users
2023-06-11 01:20:13 - Entering endpoint /users/getUsers
2023-06-11 01:20:13 - Returning all users
